Arguments: 
  /usr/bin/node /usr/local/bin/yarn add express-mysql-session

PATH: 
  /home/giomerito/bin:/home/giomerito/.local/bin:/usr/local/sbin:/usr/local/bin:/usr/sbin:/usr/bin:/sbin:/bin:/usr/games:/usr/local/games

Yarn version: 
  1.17.3

Node version: 
  11.15.0

Platform: 
  linux x64

Trace: 
  Error: getaddrinfo EAI_AGAIN registry.yarnpkg.com registry.yarnpkg.com:443
      at GetAddrInfoReqWrap.onlookup [as oncomplete] (dns.js:58:26)

npm manifest: 
  {
    "name": "hbs-proj",
    "version": "0.0.0",
    "private": true,
    "scripts": {
      "start": "nodemon app.js"
    },
    "dependencies": {
      "connect-flash": "^0.1.1",
      "cookie-parser": "~1.4.4",
      "debug": "~2.6.9",
      "enum": "^2.5.0",
      "express": "~4.16.1",
      "express-handlebars": "^3.1.0",
      "express-session": "^1.17.0",
      "hbs": "~4.0.4",
      "http-errors": "~1.6.3",
      "morgan": "~1.9.1",
      "mysql2": "^2.0.1"
    }
  }

yarn manifest: 
  No manifest

Lockfile: 
  No lockfile
